<?xml version="1.0" encoding="UTF-8"?>
<!-- Generated by org.testng.reporters.JUnitReportReporter -->
<testsuite hostname="seema" failures="0" tests="6" name="testPackage.TestClassTNG2" time="0.016" errors="0" timestamp="2023-03-14T15:29:14 IST" skipped="0">
  <testcase classname="testPackage.TestClassTNG2" name="test2" time="0.002"/>
  <system-out/>
  <testcase classname="testPackage.TestClassTNG2" name="test3" time="0.002"/>
  <system-out/>
  <testcase classname="testPackage.TestClassTNG2" name="test2" time="0.004"/>
  <system-out/>
  <testcase classname="testPackage.TestClassTNG2" name="test1" time="0.003"/>
  <system-out/>
  <testcase classname="testPackage.TestClassTNG2" name="test3" time="0.004"/>
  <system-out/>
  <testcase classname="testPackage.TestClassTNG2" name="test1" time="0.001"/>
  <system-out/>
</testsuite> <!-- testPackage.TestClassTNG2 -->
