<?xml version="1.0" encoding="UTF-8"?>
<!-- Generated by org.testng.reporters.JUnitReportReporter -->
<testsuite hostname="seema" failures="0" tests="6" name="testPackage.TestClassTNG1" time="0.024" errors="0" timestamp="2023-03-14T15:29:14 IST" skipped="0">
  <testcase classname="testPackage.TestClassTNG1" name="test1" time="0.007"/>
  <system-out/>
  <testcase classname="testPackage.TestClassTNG1" name="test3" time="0.002"/>
  <system-out/>
  <testcase classname="testPackage.TestClassTNG1" name="test3" time="0.005"/>
  <system-out/>
  <testcase classname="testPackage.TestClassTNG1" name="test2" time="0.003"/>
  <system-out/>
  <testcase classname="testPackage.TestClassTNG1" name="test2" time="0.005"/>
  <system-out/>
  <testcase classname="testPackage.TestClassTNG1" name="test1" time="0.002"/>
  <system-out/>
</testsuite> <!-- testPackage.TestClassTNG1 -->
